<?xml version="1.0" encoding="UTF-8"?>
<!-- Generated by org.testng.reporters.JUnitXMLReporter -->
<testsuite hostname="ININTDT115547" name="testing" tests="3" failures="0" timestamp="17 Apr 2017 11:03:00 GMT" time="0.031" errors="0">
  <testcase name="testCaseFour" time="0.016" classname="com.selenium.annotations.GroupsTestNG"/>
  <testcase name="testCaseOne" time="0.0" classname="com.selenium.annotations.GroupsTestNG"/>
  <testcase name="testCaseTwo" time="0.0" classname="com.selenium.annotations.GroupsTestNG"/>
</testsuite> <!-- testing -->
