<?xml version="1.0" encoding="UTF-8" ?>
<testsuite tests="6" failures="0" name="TestSuite" time="0.016" errors="0" skipped="0">
  <properties>
[...]
</properties>
  <testcase classname="com.selenium.annotations.SampleTest" name="testLogin" time="0"/>
  <testcase classname="com.selenium.annotations.SampleTest" name="testLogin" time="0"/>
  <testcase classname="com.selenium.annotations.SampleTest" name="testChangePassword" time="0"/>
  <testcase classname="com.selenium.annotations.SampleTest" name="logout" time="0"/>
  <testcase classname="com.selenium.AppTest" name="sendMail" time="0.016"/>
  <testcase classname="com.selenium.SampleTest" name="sampletest" time="0"/>
</testsuite>