<?xml version="1.0" encoding="UTF-8"?>
<testng-results skipped="0" failed="0" total="1" passed="1">
  <reporter-output>
  </reporter-output>
  <suite name="Default suite" duration-ms="12512" started-at="2017-04-17T15:28:49Z" finished-at="2017-04-17T15:29:02Z">
    <groups>
    </groups>
    <test name="Default test" duration-ms="12512" started-at="2017-04-17T15:28:49Z" finished-at="2017-04-17T15:29:02Z">
      <class name="com.selenium.Mousehover">
        <test-method status="PASS" signature="beforetest()[pri:0, instance:com.selenium.Mousehover@61386958]" name="beforetest" is-config="true" duration-ms="6478" started-at="2017-04-17T20:58:49Z" finished-at="2017-04-17T20:58:56Z">
          <reporter-output>
          </reporter-output>
        </test-method> <!-- beforetest -->
        <test-method status="PASS" signature="test()[pri:0, instance:com.selenium.Mousehover@61386958]" name="test" duration-ms="5568" started-at="2017-04-17T20:58:56Z" finished-at="2017-04-17T20:59:01Z">
          <reporter-output>
          </reporter-output>
        </test-method> <!-- test -->
        <test-method status="PASS" signature="aftertest()[pri:0, instance:com.selenium.Mousehover@61386958]" name="aftertest" is-config="true" duration-ms="452" started-at="2017-04-17T20:59:01Z" finished-at="2017-04-17T20:59:02Z">
          <reporter-output>
          </reporter-output>
        </test-method> <!-- aftertest -->
      </class> <!-- com.selenium.Mousehover -->
    </test> <!-- Default test -->
  </suite> <!-- Default suite -->
</testng-results>
